c:\users\rolfd\downloads\rabbithole-master\rabbithole-master\x64\debug\vc143.pdb
c:\users\rolfd\downloads\rabbithole-master\rabbithole-master\x64\debug\vc143.idb
c:\users\rolfd\downloads\rabbithole-master\rabbithole-master\x64\debug\projektlinks.obj
c:\users\rolfd\downloads\rabbithole-master\rabbithole-master\x64\debug\pong.obj
c:\users\rolfd\downloads\rabbithole-master\rabbithole-master\x64\debug\oplinks.obj
c:\users\rolfd\downloads\rabbithole-master\rabbithole-master\x64\debug\nulinks.obj
c:\users\rolfd\downloads\rabbithole-master\rabbithole-master\x64\debug\mrsmith.obj
c:\users\rolfd\downloads\rabbithole-master\rabbithole-master\x64\debug\notizbuch.obj
c:\users\rolfd\downloads\rabbithole-master\rabbithole-master\x64\debug\links.obj
c:\users\rolfd\downloads\rabbithole-master\rabbithole-master\x64\debug\mainframe.obj
c:\users\rolfd\downloads\rabbithole-master\rabbithole-master\x64\debug\life.obj
c:\users\rolfd\downloads\rabbithole-master\rabbithole-master\x64\debug\helpdesk.obj
c:\users\rolfd\downloads\rabbithole-master\rabbithole-master\x64\debug\hcode.obj
c:\users\rolfd\downloads\rabbithole-master\rabbithole-master\x64\debug\geschichte.obj
c:\users\rolfd\downloads\rabbithole-master\rabbithole-master\x64\debug\games.obj
c:\users\rolfd\downloads\rabbithole-master\rabbithole-master\x64\debug\digital clock.obj
c:\users\rolfd\downloads\rabbithole-master\rabbithole-master\x64\debug\code.obj
c:\users\rolfd\downloads\rabbithole-master\rabbithole-master\x64\debug\caesar.obj
c:\users\rolfd\downloads\rabbithole-master\rabbithole-master\x64\debug\binary.obj
c:\users\rolfd\downloads\rabbithole-master\rabbithole-master\x64\debug\beispielcode.obj
c:\users\rolfd\downloads\rabbithole-master\rabbithole-master\x64\debug\art.obj
c:\users\rolfd\downloads\rabbithole-master\rabbithole-master\x64\debug\ailinks.obj
c:\users\rolfd\downloads\rabbithole-master\rabbithole-master\x64\debug\zcode.obj
c:\users\rolfd\downloads\rabbithole-master\rabbithole-master\x64\debug\taschenrechner.obj
c:\users\rolfd\downloads\rabbithole-master\rabbithole-master\x64\debug\witzbold.obj
c:\users\rolfd\downloads\rabbithole-master\rabbithole-master\x64\debug\user.obj
c:\users\rolfd\downloads\rabbithole-master\rabbithole-master\x64\debug\spaceinvader.obj
c:\users\rolfd\downloads\rabbithole-master\rabbithole-master\x64\debug\snake.obj
c:\users\rolfd\downloads\rabbithole-master\rabbithole-master\x64\debug\sinndeslebens.obj
c:\users\rolfd\downloads\rabbithole-master\rabbithole-master\x64\debug\readme.obj
c:\users\rolfd\downloads\rabbithole-master\rabbithole-master\x64\debug\openlink.obj
c:\users\rolfd\downloads\rabbithole-master\rabbithole-master\x64\debug\definitionen.obj
c:\users\rolfd\downloads\rabbithole-master\rabbithole-master\x64\debug\bwllink.obj
c:\users\rolfd\downloads\rabbithole-master\rabbithole-master\x64\debug\bwl.obj
c:\users\rolfd\downloads\rabbithole-master\rabbithole-master\x64\debug\hardware.obj
c:\users\rolfd\downloads\rabbithole-master\rabbithole-master\x64\debug\bicalc.obj
c:\users\rolfd\downloads\rabbithole-master\rabbithole-master\x64\debug\wiki.obj
c:\users\rolfd\downloads\rabbithole-master\rabbithole-master\x64\debug\gesetze.obj
c:\users\rolfd\downloads\rabbithole-master\rabbithole-master\x64\debug\pcwiki.obj
c:\users\rolfd\downloads\rabbithole-master\rabbithole-master\x64\debug\sqlwiki.obj
c:\users\rolfd\downloads\rabbithole-master\rabbithole-master\x64\debug\rabbithole.exe
c:\users\rolfd\downloads\rabbithole-master\rabbithole-master\x64\debug\rabbithole.ilk
c:\users\rolfd\downloads\rabbithole-master\rabbithole-master\x64\debug\rabbithole.pdb
c:\users\rolfd\downloads\rabbithole-master\rabbithole-master\x64\debug\nativecodeanalysis.read.1.tlog
c:\users\rolfd\downloads\rabbithole-master\rabbithole-master\x64\debug\games.nativecodeanalysis.xml
c:\users\rolfd\downloads\rabbithole-master\rabbithole-master\x64\debug\vc.nativecodeanalysis.all.xml
c:\users\rolfd\downloads\rabbithole-master\rabbithole-master\x64\debug\rabbithole.tlog\cl.command.1.tlog
c:\users\rolfd\downloads\rabbithole-master\rabbithole-master\x64\debug\rabbithole.tlog\cl.items.tlog
c:\users\rolfd\downloads\rabbithole-master\rabbithole-master\x64\debug\rabbithole.tlog\cl.read.1.tlog
c:\users\rolfd\downloads\rabbithole-master\rabbithole-master\x64\debug\rabbithole.tlog\cl.write.1.tlog
c:\users\rolfd\downloads\rabbithole-master\rabbithole-master\x64\debug\rabbithole.tlog\link.command.1.tlog
c:\users\rolfd\downloads\rabbithole-master\rabbithole-master\x64\debug\rabbithole.tlog\link.read.1.tlog
c:\users\rolfd\downloads\rabbithole-master\rabbithole-master\x64\debug\rabbithole.tlog\link.write.1.tlog
